{
  "RSpec": {
    "coverage": {
      "/Users/michelsonmartinez/Documents/ruby/viewmaster/spec/dummy/config/environment.rb": [
        null,
        1,
        null,
        null,
        1
      ],
      "/Users/michelsonmartinez/Documents/ruby/viewmaster/spec/dummy/config/application.rb": [
        1,
        null,
        1,
        null,
        1,
        1,
        null,
        1,
        1,
        null,
        null,
        null,
        null,
        null,
        null,
        null,
        null,
        null,
        null,
        null,
        null,
        null,
        null
      ],
      "/Users/michelsonmartinez/Documents/ruby/viewmaster/spec/dummy/config/boot.rb": [
        null,
        1,
        null,
        1,
        1
      ],
      "/Users/michelsonmartinez/Documents/ruby/viewmaster/lib/viewmaster.rb": [
        1,
        null,
        1,
        null,
        1,
        1,
        1,
        1,
        1,
        null
      ],
      "/Users/michelsonmartinez/Documents/ruby/viewmaster/lib/viewmaster/engine.rb": [
        1,
        1,
        1,
        null,
        1,
        1,
        null,
        null,
        1,
        null,
        null,
        1,
        1,
        null,
        null,
        null,
        null,
        null,
        null,
        null,
        null
      ],
      "/Users/michelsonmartinez/Documents/ruby/viewmaster/spec/dummy/config/environments/test.rb": [
        1,
        null,
        null,
        null,
        null,
        null,
        null,
        1,
        null,
        null,
        null,
        null,
        1,
        null,
        null,
        1,
        1,
        null,
        null,
        1,
        1,
        null,
        null,
        1,
        null,
        null,
        1,
        null,
        null,
        null,
        null,
        1,
        null,
        null,
        1,
        null
      ],
      "/Users/michelsonmartinez/Documents/ruby/viewmaster/spec/dummy/config/initializers/backtrace_silencers.rb": [
        null,
        null,
        null,
        null,
        null,
        null,
        null
      ],
      "/Users/michelsonmartinez/Documents/ruby/viewmaster/spec/dummy/config/initializers/filter_parameter_logging.rb": [
        null,
        null,
        null,
        1
      ],
      "/Users/michelsonmartinez/Documents/ruby/viewmaster/spec/dummy/config/initializers/inflections.rb": [
        null,
        null,
        null,
        null,
        null,
        null,
        null,
        null,
        null,
        null,
        null,
        null,
        null,
        null,
        null,
        null
      ],
      "/Users/michelsonmartinez/Documents/ruby/viewmaster/spec/dummy/config/initializers/mime_types.rb": [
        null,
        null,
        null,
        null,
        null
      ],
      "/Users/michelsonmartinez/Documents/ruby/viewmaster/spec/dummy/config/initializers/secret_token.rb": [
        null,
        null,
        null,
        null,
        null,
        null,
        null,
        null,
        null,
        null,
        null,
        1
      ],
      "/Users/michelsonmartinez/Documents/ruby/viewmaster/spec/dummy/config/initializers/session_store.rb": [
        null,
        null,
        1
      ],
      "/Users/michelsonmartinez/Documents/ruby/viewmaster/spec/dummy/config/initializers/wrap_parameters.rb": [
        null,
        null,
        null,
        null,
        null,
        null,
        1,
        1,
        null,
        null,
        null,
        null,
        null,
        null
      ],
      "/Users/michelsonmartinez/Documents/ruby/viewmaster/lib/viewmaster/request.rb": [
        1,
        1,
        null,
        1,
        1,
        1,
        1,
        null,
        null,
        null,
        1,
        6,
        null,
        6,
        null,
        null,
        1,
        0,
        0,
        null,
        null,
        1,
        6,
        2,
        null,
        4,
        null,
        null,
        null,
        1,
        2,
        0,
        null,
        2,
        null,
        null,
        null,
        null,
        1,
        null,
        1,
        0,
        0,
        null,
        0,
        null,
        null,
        null,
        1,
        null,
        3,
        3,
        null,
        null,
        null,
        1,
        6,
        null,
        null,
        null
      ],
      "/Users/michelsonmartinez/Documents/ruby/viewmaster/spec/dummy/config/routes.rb": [
        1,
        null,
        1,
        null
      ],
      "/Users/michelsonmartinez/Documents/ruby/viewmaster/config/routes.rb": [
        null,
        1,
        null,
        null,
        1,
        1,
        1,
        null,
        null,
        null,
        null,
        null
      ],
      "/Users/michelsonmartinez/Documents/ruby/viewmaster/spec/factories/general_models.rb": [
        null,
        1,
        1,
        1,
        1,
        1,
        null,
        null
      ],
      "/Users/michelsonmartinez/Documents/ruby/viewmaster/spec/factories/users.rb": [
        null,
        null,
        1,
        1,
        1,
        1,
        1,
        1,
        null,
        null
      ],
      "/Users/michelsonmartinez/Documents/ruby/viewmaster/spec/support/schema.rb": [
        1,
        1,
        null,
        1,
        null,
        1,
        null,
        1,
        1,
        1,
        1,
        1,
        1,
        1,
        null,
        1,
        1,
        1,
        1,
        1,
        1,
        null,
        null,
        null,
        null
      ],
      "/Users/michelsonmartinez/Documents/ruby/viewmaster/spec/support/models.rb": [
        null,
        null,
        1,
        1,
        1,
        null,
        null,
        1,
        1,
        null
      ],
      "/Users/michelsonmartinez/Documents/ruby/viewmaster/app/controllers/viewmaster/looks_controller.rb": [
        1,
        null,
        1,
        1,
        1,
        null,
        1,
        0,
        null,
        null,
        1,
        null,
        null,
        3,
        null,
        3,
        null,
        3,
        null,
        3,
        null,
        3,
        null,
        null,
        null,
        0,
        null,
        null,
        null,
        3,
        null,
        3,
        null,
        0,
        null,
        3,
        3,
        3,
        null,
        null,
        null,
        3,
        null,
        3,
        null,
        null,
        null,
        null
      ],
      "/Users/michelsonmartinez/Documents/ruby/viewmaster/app/controllers/viewmaster/application_controller.rb": [
        1,
        1,
        null,
        null
      ],
      "/Users/michelsonmartinez/Documents/ruby/viewmaster/app/helpers/viewmaster/application_helper.rb": [
        1,
        1,
        null,
        null
      ],
      "/Users/michelsonmartinez/Documents/ruby/viewmaster/app/helpers/viewmaster/looks_helper.rb": [
        1,
        1,
        null,
        null
      ],
      "/Users/michelsonmartinez/Documents/ruby/viewmaster/spec/lib/config_spec.rb": [
        1,
        null,
        1,
        null,
        1,
        0,
        0,
        null,
        null,
        null,
        1,
        1,
        null,
        null,
        null,
        1,
        1,
        1,
        1,
        1,
        1,
        null,
        1,
        null,
        null,
        1,
        1,
        null,
        5,
        5,
        6,
        null,
        5,
        null,
        1,
        1,
        1,
        null,
        null,
        1,
        1,
        1,
        null,
        null,
        1,
        1,
        1,
        1,
        null,
        null,
        1,
        1,
        1,
        1,
        null,
        null,
        1,
        2,
        null,
        null,
        null,
        null,
        null,
        null
      ],
      "/Users/michelsonmartinez/Documents/ruby/viewmaster/lib/viewmaster/config.rb": [
        1,
        1,
        null,
        1,
        8,
        8,
        null,
        null,
        1,
        11,
        null,
        null,
        1,
        8,
        16,
        null,
        null,
        1,
        3,
        null,
        null,
        1,
        32,
        null,
        null,
        1,
        12,
        null,
        null,
        1,
        8,
        null,
        null,
        null,
        null
      ],
      "/Users/michelsonmartinez/Documents/ruby/viewmaster/lib/viewmaster/template_version.rb": [
        1,
        1,
        1,
        1,
        1,
        null,
        1,
        12,
        12,
        12,
        12,
        12,
        null,
        null,
        1,
        null,
        9,
        9,
        9,
        9,
        9,
        null,
        null,
        1,
        30,
        null,
        null,
        1,
        null,
        null,
        10,
        null,
        20,
        10,
        10,
        0,
        null,
        10,
        null,
        null,
        null,
        1,
        5,
        1,
        null,
        null,
        8,
        null,
        null,
        null,
        null,
        null
      ],
      "/Users/michelsonmartinez/Documents/ruby/viewmaster/lib/viewmaster/transition.rb": [
        1,
        1,
        1,
        1,
        1,
        1,
        null,
        1,
        9,
        9,
        9,
        9,
        9,
        null,
        null,
        1,
        4,
        null,
        null,
        null
      ]
    },
    "timestamp": 1425934538
  }
}
